Choice Option Available
Choice Option Available
Choice Option Available
Choice Option Available
Play card available
AcidSlimeSmall intent is Intent.ATTACK
Detected AcidSlimeSmall intent as INTENT: Tackle - Damage: 3 Attacks: 1 Block: 0 Probability: 50
SpikeSlimeMedium intent is Intent.ATTACK_DEBUFF
Detected SpikeSlimeMedium intent as INTENT: Tackle - Damage: 8 Attacks: 1 Block: 0 Probability: 30
Enemy health at 1 after playing Miracle
Enemy health at 1 after playing Vigilance
Enemy health at 1 after playing Defend
Enemy health at 1 after playing Defend
Enemy health at 1 after playing Strike
Enemy health at 1 after playing Strike
After playing each, card results found: {'Miracle': [2, 61], 'Vigilance': [2, 61], 'Defend': [2, 61], 'Strike': [2, 61]}
Best card order: ['Miracle', 'Vigilance', 'Defend', 'Strike']
Playing Miracle
Play card available
AcidSlimeSmall intent is Intent.ATTACK
Detected AcidSlimeSmall intent as INTENT: Tackle - Damage: 3 Attacks: 1 Block: 0 Probability: 50
SpikeSlimeMedium intent is Intent.ATTACK_DEBUFF
Detected SpikeSlimeMedium intent as INTENT: Tackle - Damage: 8 Attacks: 1 Block: 0 Probability: 30
Enemy health at 1 after playing Vigilance
Enemy health at 1 after playing Defend
Enemy health at 1 after playing Defend
Enemy health at 1 after playing Strike
Enemy health at 1 after playing Strike
After playing each, card results found: {'Vigilance': [2, 61], 'Defend': [2, 61], 'Strike': [2, 61]}
Best card order: ['Vigilance', 'Defend', 'Strike']
Playing Vigilance
Play card available
AcidSlimeSmall intent is Intent.ATTACK
Detected AcidSlimeSmall intent as INTENT: Tackle - Damage: 3 Attacks: 1 Block: 0 Probability: 50
SpikeSlimeMedium intent is Intent.ATTACK_DEBUFF
Detected SpikeSlimeMedium intent as INTENT: Tackle - Damage: 8 Attacks: 1 Block: 0 Probability: 30
Enemy health at 1 after playing Defend
Enemy health at 1 after playing Defend
Enemy health at 1 after playing Strike
Enemy health at 1 after playing Strike
After playing each, card results found: {'Defend': [2, 69], 'Strike': [2, 69]}
Best card order: ['Defend', 'Strike']
Playing Defend
Play card available
AcidSlimeSmall intent is Intent.ATTACK
Detected AcidSlimeSmall intent as INTENT: Tackle - Damage: 3 Attacks: 1 Block: 0 Probability: 50
SpikeSlimeMedium intent is Intent.ATTACK_DEBUFF
Detected SpikeSlimeMedium intent as INTENT: Tackle - Damage: 8 Attacks: 1 Block: 0 Probability: 30
Enemy health at 1 after playing Defend
Enemy health at 1 after playing Strike
Enemy health at 1 after playing Strike
After playing each, card results found: {'Defend': [2, 72], 'Strike': [2, 72]}
Best card order: ['Defend', 'Strike']
Playing Defend
Ending turn...
Play card available
AcidSlimeSmall intent is Intent.DEBUFF
Detected AcidSlimeSmall intent as INTENT: Lick - Damage: 0 Attacks: 0 Block: 0 Probability: 50
SpikeSlimeMedium intent is Intent.DEBUFF
Detected SpikeSlimeMedium intent as INTENT: Lick - Damage: 0 Attacks: 0 Block: 0 Probability: 70
Enemy health at 1 after playing Defend
Enemy health at 1 after playing Eruption
Enemy health at 1 after playing Strike
Enemy health at 1 after playing Strike
Enemy health at 1 after playing Defend
After playing each, card results found: {'Defend': [2, 72], 'Eruption': [2, 72], 'Strike': [2, 72]}
Best card order: ['Defend', 'Eruption', 'Strike']
Playing Defend
'NoneType' object has no attribute 'can_be_executed'
